2025-11-29T13:02:55.787+0530 [DEBUG] [org.gradle.launcher.daemon.bootstrap.DaemonMain] Assuming the daemon was started with following jvm opts: [-XX:MaxMetaspaceSize=4G, -XX:ReservedCodeCacheSize=512m, -XX:+HeapDumpOnOutOfMemoryError, -Xmx8G, -Dfile.encoding=UTF-8, -Duser.country=US, -Duser.language=en, -Duser.variant]
2025-11-29T13:02:56.115+0530 [DEBUG] [org.gradle.internal.remote.internal.inet.InetAddresses] Adding IP addresses for network interface Software Loopback Interface 1
2025-11-29T13:02:56.119+0530 [DEBUG] [org.gradle.internal.remote.internal.inet.InetAddresses] Is this a loopback interface? true
2025-11-29T13:02:56.120+0530 [DEBUG] [org.gradle.internal.remote.internal.inet.InetAddresses] Adding loopback address /127.0.0.1
2025-11-29T13:02:56.120+0530 [DEBUG] [org.gradle.internal.remote.internal.inet.InetAddresses] Adding loopback address /0:0:0:0:0:0:0:1
2025-11-29T13:02:56.121+0530 [DEBUG] [org.gradle.internal.remote.internal.inet.InetAddresses] Adding IP addresses for network interface Microsoft 6to4 Adapter
2025-11-29T13:02:56.123+0530 [DEBUG] [org.gradle.internal.remote.internal.inet.InetAddresses] Is this a loopback interface? false
2025-11-29T13:02:56.124+0530 [DEBUG] [org.gradle.internal.remote.internal.inet.InetAddresses] Adding IP addresses for network interface WAN Miniport (IPv6)
2025-11-29T13:02:56.127+0530 [DEBUG] [org.gradle.internal.remote.internal.inet.InetAddresses] Is this a loopback interface? false
2025-11-29T13:02:56.130+0530 [DEBUG] [org.gradle.internal.remote.internal.inet.InetAddresses] Adding IP addresses for network interface WAN Miniport (IP)
2025-11-29T13:02:56.154+0530 [DEBUG] [org.gradle.internal.remote.internal.inet.InetAddresses] Is this a loopback interface? false
2025-11-29T13:02:56.155+0530 [DEBUG] [org.gradle.internal.remote.internal.inet.InetAddresses] Adding IP addresses for network interface Remote NDIS based Internet Sharing Device
2025-11-29T13:02:56.159+0530 [DEBUG] [org.gradle.internal.remote.internal.inet.InetAddresses] Is this a loopback interface? false
2025-11-29T13:02:56.159+0530 [DEBUG] [org.gradle.internal.remote.internal.inet.InetAddresses] Adding IP addresses for network interface Microsoft IP-HTTPS Platform Adapter
2025-11-29T13:02:56.165+0530 [DEBUG] [org.gradle.internal.remote.internal.inet.InetAddresses] Is this a loopback interface? false
2025-11-29T13:02:56.166+0530 [DEBUG] [org.gradle.internal.remote.internal.inet.InetAddresses] Adding IP addresses for network interface Intel(R) Wi-Fi 6 AX201 160MHz
2025-11-29T13:02:56.172+0530 [DEBUG] [org.gradle.internal.remote.internal.inet.InetAddresses] Is this a loopback interface? false
2025-11-29T13:02:56.173+0530 [DEBUG] [org.gradle.internal.remote.internal.inet.InetAddresses] Adding remote address /10.157.142.52
2025-11-29T13:02:56.173+0530 [DEBUG] [org.gradle.internal.remote.internal.inet.InetAddresses] Adding IP addresses for network interface WAN Miniport (PPTP)
2025-11-29T13:02:56.180+0530 [DEBUG] [org.gradle.internal.remote.internal.inet.InetAddresses] Is this a loopback interface? false
2025-11-29T13:02:56.181+0530 [DEBUG] [org.gradle.internal.remote.internal.inet.InetAddresses] Adding IP addresses for network interface WAN Miniport (IKEv2)
2025-11-29T13:02:56.186+0530 [DEBUG] [org.gradle.internal.remote.internal.inet.InetAddresses] Is this a loopback interface? false
2025-11-29T13:02:56.186+0530 [DEBUG] [org.gradle.internal.remote.internal.inet.InetAddresses] Adding IP addresses for network interface Realtek PCIe GbE Family Controller
2025-11-29T13:02:56.199+0530 [DEBUG] [org.gradle.internal.remote.internal.inet.InetAddresses] Is this a loopback interface? false
2025-11-29T13:02:56.200+0530 [DEBUG] [org.gradle.internal.remote.internal.inet.InetAddresses] Adding IP addresses for network interface Microsoft Teredo Tunneling Adapter
2025-11-29T13:02:56.205+0530 [DEBUG] [org.gradle.internal.remote.internal.inet.InetAddresses] Is this a loopback interface? false
2025-11-29T13:02:56.206+0530 [DEBUG] [org.gradle.internal.remote.internal.inet.InetAddresses] Adding IP addresses for network interface TAP-ProtonVPN Windows Adapter V9
2025-11-29T13:02:56.211+0530 [DEBUG] [org.gradle.internal.remote.internal.inet.InetAddresses] Is this a loopback interface? false
2025-11-29T13:02:56.211+0530 [DEBUG] [org.gradle.internal.remote.internal.inet.InetAddresses] Adding IP addresses for network interface WAN Miniport (Network Monitor)
2025-11-29T13:02:56.218+0530 [DEBUG] [org.gradle.internal.remote.internal.inet.InetAddresses] Is this a loopback interface? false
2025-11-29T13:02:56.219+0530 [DEBUG] [org.gradle.internal.remote.internal.inet.InetAddresses] Adding IP addresses for network interface Microsoft Kernel Debug Network Adapter
2025-11-29T13:02:56.225+0530 [DEBUG] [org.gradle.internal.remote.internal.inet.InetAddresses] Is this a loopback interface? false
2025-11-29T13:02:56.226+0530 [DEBUG] [org.gradle.internal.remote.internal.inet.InetAddresses] Adding IP addresses for network interface WAN Miniport (L2TP)
2025-11-29T13:02:56.239+0530 [DEBUG] [org.gradle.internal.remote.internal.inet.InetAddresses] Is this a loopback interface? false
2025-11-29T13:02:56.243+0530 [DEBUG] [org.gradle.internal.remote.internal.inet.InetAddresses] Adding IP addresses for network interface WAN Miniport (PPPOE)
2025-11-29T13:02:56.251+0530 [DEBUG] [org.gradle.internal.remote.internal.inet.InetAddresses] Is this a loopback interface? false
2025-11-29T13:02:56.253+0530 [DEBUG] [org.gradle.internal.remote.internal.inet.InetAddresses] Adding IP addresses for network interface Bluetooth Device (Personal Area Network)
2025-11-29T13:02:56.260+0530 [DEBUG] [org.gradle.internal.remote.internal.inet.InetAddresses] Is this a loopback interface? false
2025-11-29T13:02:56.261+0530 [DEBUG] [org.gradle.internal.remote.internal.inet.InetAddresses] Adding IP addresses for network interface Microsoft Wi-Fi Direct Virtual Adapter
2025-11-29T13:02:56.275+0530 [DEBUG] [org.gradle.internal.remote.internal.inet.InetAddresses] Is this a loopback interface? false
2025-11-29T13:02:56.276+0530 [DEBUG] [org.gradle.internal.remote.internal.inet.InetAddresses] Adding IP addresses for network interface Microsoft Wi-Fi Direct Virtual Adapter #2
2025-11-29T13:02:56.278+0530 [DEBUG] [org.gradle.internal.remote.internal.inet.InetAddresses] Is this a loopback interface? false
2025-11-29T13:02:56.278+0530 [DEBUG] [org.gradle.internal.remote.internal.inet.InetAddresses] Adding IP addresses for network interface WAN Miniport (SSTP)
2025-11-29T13:02:56.280+0530 [DEBUG] [org.gradle.internal.remote.internal.inet.InetAddresses] Is this a loopback interface? false
2025-11-29T13:02:56.281+0530 [DEBUG] [org.gradle.internal.remote.internal.inet.InetAddresses] Adding IP addresses for network interface TAP-ProtonVPN Windows Adapter V9-WFP Native MAC Layer LightWeight Filter-0000
2025-11-29T13:02:56.283+0530 [DEBUG] [org.gradle.internal.remote.internal.inet.InetAddresses] Is this a loopback interface? false
2025-11-29T13:02:56.284+0530 [DEBUG] [org.gradle.internal.remote.internal.inet.InetAddresses] Adding IP addresses for network interface TAP-ProtonVPN Windows Adapter V9-QoS Packet Scheduler-0000
2025-11-29T13:02:56.290+0530 [DEBUG] [org.gradle.internal.remote.internal.inet.InetAddresses] Is this a loopback interface? false
2025-11-29T13:02:56.292+0530 [DEBUG] [org.gradle.internal.remote.internal.inet.InetAddresses] Adding IP addresses for network interface TAP-ProtonVPN Windows Adapter V9-WFP 802.3 MAC Layer LightWeight Filter-0000
2025-11-29T13:02:56.298+0530 [DEBUG] [org.gradle.internal.remote.internal.inet.InetAddresses] Is this a loopback interface? false
2025-11-29T13:02:56.299+0530 [DEBUG] [org.gradle.internal.remote.internal.inet.InetAddresses] Adding IP addresses for network interface Realtek PCIe GbE Family Controller-WFP Native MAC Layer LightWeight Filter-0000
2025-11-29T13:02:56.305+0530 [DEBUG] [org.gradle.internal.remote.internal.inet.InetAddresses] Is this a loopback interface? false
2025-11-29T13:02:56.306+0530 [DEBUG] [org.gradle.internal.remote.internal.inet.InetAddresses] Adding IP addresses for network interface Realtek PCIe GbE Family Controller-QoS Packet Scheduler-0000
2025-11-29T13:02:56.310+0530 [DEBUG] [org.gradle.internal.remote.internal.inet.InetAddresses] Is this a loopback interface? false
2025-11-29T13:02:56.311+0530 [DEBUG] [org.gradle.internal.remote.internal.inet.InetAddresses] Adding IP addresses for network interface Realtek PCIe GbE Family Controller-WFP 802.3 MAC Layer LightWeight Filter-0000
2025-11-29T13:02:56.314+0530 [DEBUG] [org.gradle.internal.remote.internal.inet.InetAddresses] Is this a loopback interface? false
2025-11-29T13:02:56.315+0530 [DEBUG] [org.gradle.internal.remote.internal.inet.InetAddresses] Adding IP addresses for network interface Intel(R) Wi-Fi 6 AX201 160MHz-WFP Native MAC Layer LightWeight Filter-0000
2025-11-29T13:02:56.319+0530 [DEBUG] [org.gradle.internal.remote.internal.inet.InetAddresses] Is this a loopback interface? false
2025-11-29T13:02:56.320+0530 [DEBUG] [org.gradle.internal.remote.internal.inet.InetAddresses] Adding IP addresses for network interface Intel(R) Wi-Fi 6 AX201 160MHz-Virtual WiFi Filter Driver-0000
2025-11-29T13:02:56.324+0530 [DEBUG] [org.gradle.internal.remote.internal.inet.InetAddresses] Is this a loopback interface? false
2025-11-29T13:02:56.324+0530 [DEBUG] [org.gradle.internal.remote.internal.inet.InetAddresses] Adding IP addresses for network interface Intel(R) Wi-Fi 6 AX201 160MHz-Native WiFi Filter Driver-0000
2025-11-29T13:02:56.328+0530 [DEBUG] [org.gradle.internal.remote.internal.inet.InetAddresses] Is this a loopback interface? false
2025-11-29T13:02:56.328+0530 [DEBUG] [org.gradle.internal.remote.internal.inet.InetAddresses] Adding IP addresses for network interface Intel(R) Wi-Fi 6 AX201 160MHz-WFP 802.3 MAC Layer LightWeight Filter-0000
2025-11-29T13:02:56.330+0530 [DEBUG] [org.gradle.internal.remote.internal.inet.InetAddresses] Is this a loopback interface? false
2025-11-29T13:02:56.331+0530 [DEBUG] [org.gradle.internal.remote.internal.inet.InetAddresses] Adding IP addresses for network interface Intel(R) Wi-Fi 6 AX201 160MHz-QoS Packet Scheduler-0000
2025-11-29T13:02:56.334+0530 [DEBUG] [org.gradle.internal.remote.internal.inet.InetAddresses] Is this a loopback interface? false
2025-11-29T13:02:56.335+0530 [DEBUG] [org.gradle.internal.remote.internal.inet.InetAddresses] Adding IP addresses for network interface Microsoft Wi-Fi Direct Virtual Adapter-WFP Native MAC Layer LightWeight Filter-0000
2025-11-29T13:02:56.338+0530 [DEBUG] [org.gradle.internal.remote.internal.inet.InetAddresses] Is this a loopback interface? false
2025-11-29T13:02:56.338+0530 [DEBUG] [org.gradle.internal.remote.internal.inet.InetAddresses] Adding IP addresses for network interface Microsoft Wi-Fi Direct Virtual Adapter-Native WiFi Filter Driver-0000
2025-11-29T13:02:56.340+0530 [DEBUG] [org.gradle.internal.remote.internal.inet.InetAddresses] Is this a loopback interface? false
2025-11-29T13:02:56.340+0530 [DEBUG] [org.gradle.internal.remote.internal.inet.InetAddresses] Adding IP addresses for network interface Microsoft Wi-Fi Direct Virtual Adapter-QoS Packet Scheduler-0000
2025-11-29T13:02:56.343+0530 [DEBUG] [org.gradle.internal.remote.internal.inet.InetAddresses] Is this a loopback interface? false
2025-11-29T13:02:56.343+0530 [DEBUG] [org.gradle.internal.remote.internal.inet.InetAddresses] Adding IP addresses for network interface Microsoft Wi-Fi Direct Virtual Adapter-WFP 802.3 MAC Layer LightWeight Filter-0000
2025-11-29T13:02:56.346+0530 [DEBUG] [org.gradle.internal.remote.internal.inet.InetAddresses] Is this a loopback interface? false
2025-11-29T13:02:56.346+0530 [DEBUG] [org.gradle.internal.remote.internal.inet.InetAddresses] Adding IP addresses for network interface Microsoft Wi-Fi Direct Virtual Adapter #2-WFP Native MAC Layer LightWeight Filter-0000
2025-11-29T13:02:56.349+0530 [DEBUG] [org.gradle.internal.remote.internal.inet.InetAddresses] Is this a loopback interface? false
2025-11-29T13:02:56.349+0530 [DEBUG] [org.gradle.internal.remote.internal.inet.InetAddresses] Adding IP addresses for network interface Microsoft Wi-Fi Direct Virtual Adapter #2-Native WiFi Filter Driver-0000
2025-11-29T13:02:56.352+0530 [DEBUG] [org.gradle.internal.remote.internal.inet.InetAddresses] Is this a loopback interface? false
2025-11-29T13:02:56.352+0530 [DEBUG] [org.gradle.internal.remote.internal.inet.InetAddresses] Adding IP addresses for network interface Microsoft Wi-Fi Direct Virtual Adapter #2-QoS Packet Scheduler-0000
2025-11-29T13:02:56.354+0530 [DEBUG] [org.gradle.internal.remote.internal.inet.InetAddresses] Is this a loopback interface? false
2025-11-29T13:02:56.355+0530 [DEBUG] [org.gradle.internal.remote.internal.inet.InetAddresses] Adding IP addresses for network interface Microsoft Wi-Fi Direct Virtual Adapter #2-WFP 802.3 MAC Layer LightWeight Filter-0000
2025-11-29T13:02:56.357+0530 [DEBUG] [org.gradle.internal.remote.internal.inet.InetAddresses] Is this a loopback interface? false
2025-11-29T13:02:56.357+0530 [DEBUG] [org.gradle.internal.remote.internal.inet.InetAddresses] Adding IP addresses for network interface WAN Miniport (IP)-WFP Native MAC Layer LightWeight Filter-0000
2025-11-29T13:02:56.359+0530 [DEBUG] [org.gradle.internal.remote.internal.inet.InetAddresses] Is this a loopback interface? false
2025-11-29T13:02:56.360+0530 [DEBUG] [org.gradle.internal.remote.internal.inet.InetAddresses] Adding IP addresses for network interface WAN Miniport (IP)-QoS Packet Scheduler-0000
2025-11-29T13:02:56.361+0530 [DEBUG] [org.gradle.internal.remote.internal.inet.InetAddresses] Is this a loopback interface? false
2025-11-29T13:02:56.362+0530 [DEBUG] [org.gradle.internal.remote.internal.inet.InetAddresses] Adding IP addresses for network interface WAN Miniport (IPv6)-WFP Native MAC Layer LightWeight Filter-0000
2025-11-29T13:02:56.363+0530 [DEBUG] [org.gradle.internal.remote.internal.inet.InetAddresses] Is this a loopback interface? false
2025-11-29T13:02:56.363+0530 [DEBUG] [org.gradle.internal.remote.internal.inet.InetAddresses] Adding IP addresses for network interface WAN Miniport (IPv6)-QoS Packet Scheduler-0000
2025-11-29T13:02:56.365+0530 [DEBUG] [org.gradle.internal.remote.internal.inet.InetAddresses] Is this a loopback interface? false
2025-11-29T13:02:56.365+0530 [DEBUG] [org.gradle.internal.remote.internal.inet.InetAddresses] Adding IP addresses for network interface WAN Miniport (Network Monitor)-WFP Native MAC Layer LightWeight Filter-0000
2025-11-29T13:02:56.366+0530 [DEBUG] [org.gradle.internal.remote.internal.inet.InetAddresses] Is this a loopback interface? false
2025-11-29T13:02:56.367+0530 [DEBUG] [org.gradle.internal.remote.internal.inet.InetAddresses] Adding IP addresses for network interface WAN Miniport (Network Monitor)-QoS Packet Scheduler-0000
2025-11-29T13:02:56.368+0530 [DEBUG] [org.gradle.internal.remote.internal.inet.InetAddresses] Is this a loopback interface? false
2025-11-29T13:02:56.404+0530 [DEBUG] [org.gradle.internal.nativeintegration.services.NativeServices] Native-platform posix files integration is not available. Continuing with fallback.
2025-11-29T13:02:56.438+0530 [INFO] [org.gradle.launcher.daemon.server.Daemon] start() called on daemon - DefaultDaemonContext[uid=0b8e4b12-61c7-48e2-8ca9-ccc8f8501bef,javaHome=D:\New folder\jvk,javaVersion=17,javaVendor=Eclipse Adoptium,daemonRegistryDir=D:\flutter\project\daemon,pid=20384,idleTimeout=10800000,priority=NORMAL,applyInstrumentationAgent=true,nativeServicesMode=ENABLED,daemonOpts=-XX:MaxMetaspaceSize=4G,-XX:ReservedCodeCacheSize=512m,-XX:+HeapDumpOnOutOfMemoryError,-Xmx8G,-Dfile.encoding=UTF-8,-Duser.country=US,-Duser.language=en,-Duser.variant]
2025-11-29T13:02:56.560+0530 [DEBUG] [org.gradle.internal.remote.internal.inet.TcpIncomingConnector] Listening on [fe0b7bd9-4854-468e-b6a2-3b5ada62b365 port:53874, addresses:[localhost/127.0.0.1]].
2025-11-29T13:02:56.581+0530 [DEBUG] [org.gradle.launcher.daemon.server.Daemon] Daemon starting at: Sat Nov 29 13:02:56 IST 2025, with address: [fe0b7bd9-4854-468e-b6a2-3b5ada62b365 port:53874, addresses:[localhost/127.0.0.1]]
2025-11-29T13:02:56.582+0530 [INFO] [org.gradle.launcher.daemon.server.DaemonRegistryUpdater] Advertising the daemon address to the clients: [fe0b7bd9-4854-468e-b6a2-3b5ada62b365 port:53874, addresses:[localhost/127.0.0.1]]
2025-11-29T13:02:56.582+0530 [DEBUG] [org.gradle.launcher.daemon.server.DaemonRegistryUpdater] Advertised daemon context: DefaultDaemonContext[uid=0b8e4b12-61c7-48e2-8ca9-ccc8f8501bef,javaHome=D:\New folder\jvk,javaVersion=17,javaVendor=Eclipse Adoptium,daemonRegistryDir=D:\flutter\project\daemon,pid=20384,idleTimeout=10800000,priority=NORMAL,applyInstrumentationAgent=true,nativeServicesMode=ENABLED,daemonOpts=-XX:MaxMetaspaceSize=4G,-XX:ReservedCodeCacheSize=512m,-XX:+HeapDumpOnOutOfMemoryError,-Xmx8G,-Dfile.encoding=UTF-8,-Duser.country=US,-Duser.language=en,-Duser.variant]
2025-11-29T13:02:56.584+0530 [DEBUG] [org.gradle.launcher.daemon.registry.PersistentDaemonRegistry] Storing daemon address: [fe0b7bd9-4854-468e-b6a2-3b5ada62b365 port:53874, addresses:[localhost/127.0.0.1]], context: DefaultDaemonContext[uid=0b8e4b12-61c7-48e2-8ca9-ccc8f8501bef,javaHome=D:\New folder\jvk,javaVersion=17,javaVendor=Eclipse Adoptium,daemonRegistryDir=D:\flutter\project\daemon,pid=20384,idleTimeout=10800000,priority=NORMAL,applyInstrumentationAgent=true,nativeServicesMode=ENABLED,daemonOpts=-XX:MaxMetaspaceSize=4G,-XX:ReservedCodeCacheSize=512m,-XX:+HeapDumpOnOutOfMemoryError,-Xmx8G,-Dfile.encoding=UTF-8,-Duser.country=US,-Duser.language=en,-Duser.variant]
2025-11-29T13:02:56.623+0530 [DEBUG] [org.gradle.cache.internal.DefaultFileLockManager] Waiting to acquire exclusive lock on daemon addresses registry.
2025-11-29T13:02:56.632+0530 [DEBUG] [org.gradle.cache.internal.DefaultFileLockManager] Lock acquired on daemon addresses registry.
2025-11-29T13:02:56.649+0530 [DEBUG] [org.gradle.cache.internal.DefaultFileLockManager] Releasing lock on daemon addresses registry.
2025-11-29T13:02:56.650+0530 [LIFECYCLE] [org.gradle.launcher.daemon.server.Daemon] Daemon server started.
2025-11-29T13:02:56.651+0530 [DEBUG] [org.gradle.launcher.daemon.bootstrap.DaemonStartupCommunication] Completed writing the daemon greeting. Closing streams...
2025-11-29T13:02:56.670+0530 [DEBUG] [org.gradle.launcher.daemon.server.Daemon] stopOnExpiration() called on daemon
2025-11-29T13:02:56.673+0530 [DEBUG] [org.gradle.launcher.daemon.server.Daemon] awaitExpiration() called on daemon
2025-11-29T13:02:56.674+0530 [DEBUG] [org.gradle.launcher.daemon.server.DaemonStateCoordinator] daemon is running. Sleeping until state changes.
2025-11-29T13:02:56.677+0530 [DEBUG] [org.gradle.internal.remote.internal.inet.TcpIncomingConnector] Accepted connection from /127.0.0.1:53877 to /127.0.0.1:53874.
2025-11-29T13:02:56.807+0530 [DEBUG] [org.gradle.launcher.daemon.server.SynchronizedDispatchConnection] thread 22: received class org.gradle.launcher.daemon.protocol.Build
2025-11-29T13:02:56.807+0530 [DEBUG] [org.gradle.launcher.daemon.server.DefaultDaemonConnection] thread 22: Received non-IO message from client: Build{id=2d98d693-123e-49d4-bce8-32706cdffbd1, currentDir=D:\flutter\project\android}
2025-11-29T13:02:56.808+0530 [INFO] [org.gradle.launcher.daemon.server.DefaultIncomingConnectionHandler] Received command: Build{id=2d98d693-123e-49d4-bce8-32706cdffbd1, currentDir=D:\flutter\project\android}.
2025-11-29T13:02:56.808+0530 [DEBUG] [org.gradle.launcher.daemon.server.DefaultIncomingConnectionHandler] Starting executing command: Build{id=2d98d693-123e-49d4-bce8-32706cdffbd1, currentDir=D:\flutter\project\android} with connection: socket connection from /127.0.0.1:53874 to /127.0.0.1:53877.
2025-11-29T13:02:56.812+0530 [DEBUG] [org.gradle.launcher.daemon.server.DaemonStateCoordinator] Command execution: started DaemonCommandExecution[command = Build{id=2d98d693-123e-49d4-bce8-32706cdffbd1, currentDir=D:\flutter\project\android}, connection = DefaultDaemonConnection: socket connection from /127.0.0.1:53874 to /127.0.0.1:53877] after 0.004366666666666667 minutes of idle
2025-11-29T13:02:56.813+0530 [INFO] [org.gradle.launcher.daemon.server.DaemonRegistryUpdater] Marking the daemon as busy, address: [fe0b7bd9-4854-468e-b6a2-3b5ada62b365 port:53874, addresses:[localhost/127.0.0.1]]
2025-11-29T13:02:56.813+0530 [DEBUG] [org.gradle.launcher.daemon.registry.PersistentDaemonRegistry] Marking busy by address: [fe0b7bd9-4854-468e-b6a2-3b5ada62b365 port:53874, addresses:[localhost/127.0.0.1]]
2025-11-29T13:02:56.824+0530 [DEBUG] [org.gradle.cache.internal.DefaultFileLockManager] Waiting to acquire exclusive lock on daemon addresses registry.
2025-11-29T13:02:56.825+0530 [DEBUG] [org.gradle.cache.internal.DefaultFileLockManager] Lock acquired on daemon addresses registry.
2025-11-29T13:02:56.836+0530 [DEBUG] [org.gradle.cache.internal.DefaultFileLockManager] Releasing lock on daemon addresses registry.
2025-11-29T13:02:56.837+0530 [DEBUG] [org.gradle.launcher.daemon.server.DaemonStateCoordinator] resetting idle timer
2025-11-29T13:02:56.837+0530 [DEBUG] [org.gradle.launcher.daemon.server.DaemonStateCoordinator] daemon is running. Sleeping until state changes.
2025-11-29T13:02:56.839+0530 [INFO] [org.gradle.launcher.daemon.server.exec.StartBuildOrRespondWithBusy] Daemon is about to start building Build{id=2d98d693-123e-49d4-bce8-32706cdffbd1, currentDir=D:\flutter\project\android}. Dispatching build started information...
2025-11-29T13:02:56.839+0530 [DEBUG] [org.gradle.launcher.daemon.server.SynchronizedDispatchConnection] thread 24: dispatching org.gradle.launcher.daemon.protocol.BuildStarted@5b25401d
2025-11-29T13:02:56.842+0530 [DEBUG] [org.gradle.launcher.daemon.server.exec.EstablishBuildEnvironment] Configuring env variables: [USERDOMAIN_ROAMINGPROFILE, configsetroot, EFC_8100_1262719628, PROCESSOR_LEVEL, SESSIONNAME, ALLUSERSPROFILE, INTEL_DEV_REDIST, PROCESSOR_ARCHITECTURE, MIC_LD_LIBRARY_PATH, PSModulePath, SystemDrive, USERNAME, LEVEL_ZERO_V1_SDK_PATH, ProgramFiles(x86), PATHEXT, DriverData, EFC_8100_1592913036, OneDriveConsumer, ProgramData, EFC_8100_2283032206, ProgramW6432, EFC_8100_2775293581, __PSLockDownPolicy, HOMEPATH, PROCESSOR_IDENTIFIER, ProgramFiles, PUBLIC, windir, =::, ZES_ENABLE_SYSMAN, IGCCSVC_DB, LOCALAPPDATA, USERDOMAIN, LOGONSERVER, JAVA_HOME, OneDrive, APPDATA, CommonProgramFiles, Path, OS, EFC_8100_3789132940, COMPUTERNAME, JD2_HOME, PUB_CACHE, PROCESSOR_REVISION, CommonProgramW6432, ComSpec, TEMP, SystemRoot, HOMEDRIVE, USERPROFILE, TMP, CommonProgramFiles(x86), NUMBER_OF_PROCESSORS]
2025-11-29T13:02:56.849+0530 [DEBUG] [org.gradle.launcher.daemon.server.exec.LogToClient] About to start relaying all logs to the client via the connection.
2025-11-29T13:02:56.850+0530 [INFO] [org.gradle.launcher.daemon.server.exec.LogToClient] The client will now receive all logging from the daemon (pid: 20384). The daemon log file: D:\flutter\project\daemon\8.14\daemon-20384.out.log
2025-11-29T13:02:56.852+0530 [INFO] [org.gradle.launcher.daemon.server.exec.LogAndCheckHealth] Starting build in new daemon [memory: 8 GiB]
2025-11-29T13:02:56.854+0530 [DEBUG] [org.gradle.launcher.daemon.server.exec.ExecuteBuild] The daemon has started executing the build.
2025-11-29T13:02:56.855+0530 [DEBUG] [org.gradle.launcher.daemon.server.exec.ExecuteBuild] Executing build with daemon context: DefaultDaemonContext[uid=0b8e4b12-61c7-48e2-8ca9-ccc8f8501bef,javaHome=D:\New folder\jvk,javaVersion=17,javaVendor=Eclipse Adoptium,daemonRegistryDir=D:\flutter\project\daemon,pid=20384,idleTimeout=10800000,priority=NORMAL,applyInstrumentationAgent=true,nativeServicesMode=ENABLED,daemonOpts=-XX:MaxMetaspaceSize=4G,-XX:ReservedCodeCacheSize=512m,-XX:+HeapDumpOnOutOfMemoryError,-Xmx8G,-Dfile.encoding=UTF-8,-Duser.country=US,-Duser.language=en,-Duser.variant]

FAILURE: Build failed with an exception.

* What went wrong:
Project directory 'D:\flutter\project\android\gradle' is not part of the build defined by settings file 'D:\flutter\project\android\settings.gradle.kts'. If this is an unrelated build, it must have its own settings file.

* Try:
> Run with --stacktrace option to get the stack trace.
> Run with --info or --debug option to get more log output.
> Run with --scan to get full insights.
> Get more help at https://help.gradle.org.

BUILD FAILED in 24s
4 actionable tasks: 4 up-to-date
2025-11-29T13:03:18.216+0530 [DEBUG] [org.gradle.launcher.daemon.server.exec.ExecuteBuild] The daemon has finished executing the build.
2025-11-29T13:03:18.233+0530 [DEBUG] [org.gradle.launcher.daemon.server.DaemonStateCoordinator] daemon is running. Sleeping until state changes.
2025-11-29T13:03:18.234+0530 [DEBUG] [org.gradle.launcher.daemon.server.DaemonStateCoordinator] Command execution: finished waiting for DaemonCommandExecution[command = Build{id=2d98d693-123e-49d4-bce8-32706cdffbd1, currentDir=D:\flutter\project\android}, connection = DefaultDaemonConnection: socket connection from /127.0.0.1:53874 to /127.0.0.1:53877]. Result org.gradle.launcher.daemon.server.DaemonStateCoordinator@6f34a2e4 with state Busy
2025-11-29T13:03:18.234+0530 [DEBUG] [org.gradle.launcher.daemon.server.DaemonStateCoordinator] Command execution: completed DaemonCommandExecution[command = Build{id=2d98d693-123e-49d4-bce8-32706cdffbd1, currentDir=D:\flutter\project\android}, connection = DefaultDaemonConnection: socket connection from /127.0.0.1:53874 to /127.0.0.1:53877]
2025-11-29T13:03:18.234+0530 [DEBUG] [org.gradle.launcher.daemon.server.DaemonStateCoordinator] resetting idle timer
2025-11-29T13:03:18.234+0530 [INFO] [org.gradle.launcher.daemon.server.DaemonRegistryUpdater] Marking the daemon as idle, address: [fe0b7bd9-4854-468e-b6a2-3b5ada62b365 port:53874, addresses:[localhost/127.0.0.1]]
2025-11-29T13:03:18.235+0530 [DEBUG] [org.gradle.launcher.daemon.registry.PersistentDaemonRegistry] Marking busy by address: [fe0b7bd9-4854-468e-b6a2-3b5ada62b365 port:53874, addresses:[localhost/127.0.0.1]]
2025-11-29T13:03:18.236+0530 [DEBUG] [org.gradle.cache.internal.DefaultFileLockManager] Waiting to acquire exclusive lock on daemon addresses registry.
2025-11-29T13:03:18.236+0530 [DEBUG] [org.gradle.cache.internal.DefaultFileLockManager] Lock acquired on daemon addresses registry.
2025-11-29T13:03:18.238+0530 [DEBUG] [org.gradle.cache.internal.DefaultFileLockManager] Releasing lock on daemon addresses registry.
2025-11-29T13:03:18.238+0530 [DEBUG] [org.gradle.launcher.daemon.server.DaemonStateCoordinator] daemon is running. Sleeping until state changes.
2025-11-29T13:03:18.239+0530 [DEBUG] [org.gradle.launcher.daemon.server.exec.ReturnResult] Daemon is dispatching the build result: Success[value=org.gradle.launcher.exec.BuildActionResult@4c1d4698]
2025-11-29T13:03:18.239+0530 [DEBUG] [org.gradle.launcher.daemon.server.SynchronizedDispatchConnection] thread 21: dispatching Success[value=org.gradle.launcher.exec.BuildActionResult@4c1d4698]
2025-11-29T13:03:18.249+0530 [DEBUG] [org.gradle.launcher.daemon.server.exec.CleanUpVirtualFileSystemAfterBuild] Cleaning virtual file system after build finished
2025-11-29T13:03:18.249+0530 [DEBUG] [org.gradle.launcher.daemon.server.DefaultIncomingConnectionHandler] Finishing executing command: Build{id=2d98d693-123e-49d4-bce8-32706cdffbd1, currentDir=D:\flutter\project\android}
2025-11-29T13:03:18.273+0530 [DEBUG] [org.gradle.launcher.daemon.server.SynchronizedDispatchConnection] thread 22: received class org.gradle.launcher.daemon.protocol.CloseInput
2025-11-29T13:03:18.273+0530 [DEBUG] [org.gradle.launcher.daemon.server.DefaultDaemonConnection] thread 22: Received IO message from client: org.gradle.launcher.daemon.protocol.CloseInput@3f18a570
2025-11-29T13:03:18.273+0530 [DEBUG] [org.gradle.launcher.daemon.server.SynchronizedDispatchConnection] thread 22: received class org.gradle.launcher.daemon.protocol.Finished
2025-11-29T13:03:18.274+0530 [DEBUG] [org.gradle.launcher.daemon.server.DefaultDaemonConnection] thread 22: Received non-IO message from client: org.gradle.launcher.daemon.protocol.Finished@26e37673
2025-11-29T13:03:18.274+0530 [DEBUG] [org.gradle.launcher.daemon.server.DefaultIncomingConnectionHandler] Received finished message: org.gradle.launcher.daemon.protocol.Finished@26e37673
2025-11-29T13:03:18.274+0530 [DEBUG] [org.gradle.launcher.daemon.server.SynchronizedDispatchConnection] thread 21: stopping connection
2025-11-29T13:03:18.276+0530 [DEBUG] [org.gradle.internal.remote.internal.inet.SocketConnection] Discarding EOFException: java.io.EOFException
2025-11-29T13:03:18.276+0530 [DEBUG] [org.gradle.launcher.daemon.server.SynchronizedDispatchConnection] thread 22: received null
2025-11-29T13:03:18.276+0530 [DEBUG] [org.gradle.launcher.daemon.server.DefaultDaemonConnection] thread 22: Received end-of-input from client.
2025-11-29T13:03:18.278+0530 [DEBUG] [org.gradle.launcher.daemon.server.SynchronizedDispatchConnection] thread 21: stopping connection
2025-11-29T13:03:18.593+0530 [DEBUG] [org.gradle.internal.watch.registry.impl.DefaultFileWatcherProbeRegistry] Triggering watch probe for D:\flutter\scr\flutter_windows_3.38.1-stable\flutter\packages\flutter_tools\gradle
2025-11-29T13:03:18.594+0530 [DEBUG] [org.gradle.internal.watch.registry.impl.DefaultFileWatcherProbeRegistry] Triggering watch probe for D:\flutter\scr\flutter_windows_3.38.1-stable\flutter\packages\flutter_tools\gradle
2025-11-29T13:03:18.640+0530 [DEBUG] [org.gradle.cache.internal.locklistener.DefaultFileLockCommunicator] Confirming unlock request to Gradle process at port 59197 for lock with id -8387036731018300789.
2025-11-29T13:03:18.640+0530 [DEBUG] [org.gradle.cache.internal.LockOnDemandCrossProcessCacheAccess] Lock on artifact cache (D:\flutter\project\caches\modules-2) requested by another process - releasing lock.
2025-11-29T13:03:18.640+0530 [DEBUG] [org.gradle.cache.internal.LockOnDemandCrossProcessCacheAccess] Releasing file lock for artifact cache (D:\flutter\project\caches\modules-2)
2025-11-29T13:03:18.641+0530 [DEBUG] [org.gradle.cache.internal.DefaultFileLockManager] Releasing lock on artifact cache (D:\flutter\project\caches\modules-2).
2025-11-29T13:03:18.641+0530 [DEBUG] [org.gradle.cache.internal.locklistener.DefaultFileLockCommunicator] Confirming lock release to Gradle process at port 59197 for lock with id -8387036731018300789.
2025-11-29T13:03:18.710+0530 [DEBUG] [org.gradle.cache.internal.locklistener.DefaultFileLockCommunicator] Confirming unlock request to Gradle process at port 59197 for lock with id 6124660536481633624.
2025-11-29T13:03:18.710+0530 [DEBUG] [org.gradle.cache.internal.LockOnDemandCrossProcessCacheAccess] Lock on journal cache (D:\flutter\project\caches\journal-1) requested by another process - releasing lock.
2025-11-29T13:03:18.711+0530 [DEBUG] [org.gradle.cache.internal.LockOnDemandCrossProcessCacheAccess] Releasing file lock for journal cache (D:\flutter\project\caches\journal-1)
2025-11-29T13:03:18.712+0530 [DEBUG] [org.gradle.cache.internal.btree.BTreePersistentIndexedCache] Closing cache file-access.bin (D:\flutter\project\caches\journal-1\file-access.bin)
2025-11-29T13:03:18.712+0530 [DEBUG] [org.gradle.cache.internal.DefaultFileLockManager] Releasing lock on journal cache (D:\flutter\project\caches\journal-1).
2025-11-29T13:03:18.713+0530 [DEBUG] [org.gradle.cache.internal.locklistener.DefaultFileLockCommunicator] Confirming lock release to Gradle process at port 59197 for lock with id 6124660536481633624.
2025-11-29T13:03:18.852+0530 [DEBUG] [org.gradle.cache.internal.locklistener.DefaultFileLockCommunicator] Confirming unlock request to Gradle process at port 59197 for lock with id -4741894800933345445.
2025-11-29T13:03:18.852+0530 [DEBUG] [org.gradle.cache.internal.LockOnDemandCrossProcessCacheAccess] Lock on file hash cache (D:\flutter\project\caches\8.14\fileHashes) requested by another process - releasing lock.
2025-11-29T13:03:18.853+0530 [DEBUG] [org.gradle.cache.internal.LockOnDemandCrossProcessCacheAccess] Releasing file lock for file hash cache (D:\flutter\project\caches\8.14\fileHashes)
2025-11-29T13:03:18.853+0530 [DEBUG] [org.gradle.cache.internal.btree.BTreePersistentIndexedCache] Closing cache fileHashes.bin (D:\flutter\project\caches\8.14\fileHashes\fileHashes.bin)
2025-11-29T13:03:18.853+0530 [DEBUG] [org.gradle.cache.internal.btree.BTreePersistentIndexedCache] Closing cache resourceHashesCache.bin (D:\flutter\project\caches\8.14\fileHashes\resourceHashesCache.bin)
2025-11-29T13:03:18.854+0530 [DEBUG] [org.gradle.cache.internal.DefaultFileLockManager] Releasing lock on file hash cache (D:\flutter\project\caches\8.14\fileHashes).
2025-11-29T13:03:18.854+0530 [DEBUG] [org.gradle.cache.internal.locklistener.DefaultFileLockCommunicator] Confirming lock release to Gradle process at port 59197 for lock with id -4741894800933345445.
2025-11-29T13:03:22.019+0530 [DEBUG] [org.gradle.process.internal.health.memory.DefaultMemoryManager] 827710259 physical memory requested, 719572992 free
2025-11-29T13:03:22.020+0530 [DEBUG] [org.gradle.workers.internal.WorkerDaemonExpiration] Will attempt to release 789 of memory
2025-11-29T13:03:22.020+0530 [DEBUG] [org.gradle.process.internal.health.memory.DefaultMemoryManager] 827710259 physical memory requested, 0 released, 719572992 free
2025-11-29T13:03:26.673+0530 [DEBUG] [org.gradle.cache.internal.DefaultFileLockManager] Waiting to acquire shared lock on daemon addresses registry.
2025-11-29T13:03:26.674+0530 [DEBUG] [org.gradle.cache.internal.DefaultFileLockManager] Lock acquired on daemon addresses registry.
2025-11-29T13:03:26.675+0530 [DEBUG] [org.gradle.cache.internal.DefaultFileLockManager] Releasing lock on daemon addresses registry.
2025-11-29T13:03:26.676+0530 [DEBUG] [org.gradle.cache.internal.DefaultFileLockManager] Waiting to acquire shared lock on daemon addresses registry.
2025-11-29T13:03:26.676+0530 [DEBUG] [org.gradle.cache.internal.DefaultFileLockManager] Lock acquired on daemon addresses registry.
2025-11-29T13:03:26.677+0530 [DEBUG] [org.gradle.cache.internal.DefaultFileLockManager] Releasing lock on daemon addresses registry.
2025-11-29T13:03:27.016+0530 [DEBUG] [org.gradle.process.internal.health.memory.DefaultMemoryManager] 827710259 physical memory requested, 807358464 free
2025-11-29T13:03:27.017+0530 [DEBUG] [org.gradle.workers.internal.WorkerDaemonExpiration] Will attempt to release 789 of memory
2025-11-29T13:03:27.017+0530 [DEBUG] [org.gradle.process.internal.health.memory.DefaultMemoryManager] 827710259 physical memory requested, 0 released, 807358464 free
2025-11-29T13:03:32.050+0530 [DEBUG] [org.gradle.process.internal.health.memory.DefaultMemoryManager] 827710259 physical memory requested, 745586688 free
2025-11-29T13:03:32.051+0530 [DEBUG] [org.gradle.workers.internal.WorkerDaemonExpiration] Will attempt to release 789 of memory
2025-11-29T13:03:32.051+0530 [DEBUG] [org.gradle.process.internal.health.memory.DefaultMemoryManager] 827710259 physical memory requested, 0 released, 745586688 free
2025-11-29T13:03:36.680+0530 [DEBUG] [org.gradle.cache.internal.DefaultFileLockManager] Waiting to acquire shared lock on daemon addresses registry.
2025-11-29T13:03:36.681+0530 [DEBUG] [org.gradle.cache.internal.DefaultFileLockManager] Lock acquired on daemon addresses registry.
2025-11-29T13:03:36.682+0530 [DEBUG] [org.gradle.cache.internal.DefaultFileLockManager] Releasing lock on daemon addresses registry.
2025-11-29T13:03:36.684+0530 [DEBUG] [org.gradle.cache.internal.DefaultFileLockManager] Waiting to acquire shared lock on daemon addresses registry.
2025-11-29T13:03:36.684+0530 [DEBUG] [org.gradle.cache.internal.DefaultFileLockManager] Lock acquired on daemon addresses registry.
2025-11-29T13:03:36.684+0530 [DEBUG] [org.gradle.cache.internal.DefaultFileLockManager] Releasing lock on daemon addresses registry.
2025-11-29T13:03:36.685+0530 [DEBUG] [org.gradle.cache.internal.DefaultFileLockManager] Waiting to acquire shared lock on daemon addresses registry.
2025-11-29T13:03:36.685+0530 [DEBUG] [org.gradle.cache.internal.DefaultFileLockManager] Lock acquired on daemon addresses registry.
2025-11-29T13:03:36.686+0530 [DEBUG] [org.gradle.cache.internal.DefaultFileLockManager] Releasing lock on daemon addresses registry.
2025-11-29T13:03:37.019+0530 [DEBUG] [org.gradle.process.internal.health.memory.DefaultMemoryManager] 827710259 physical memory requested, 624144384 free
2025-11-29T13:03:37.019+0530 [DEBUG] [org.gradle.workers.internal.WorkerDaemonExpiration] Will attempt to release 789 of memory
2025-11-29T13:03:37.020+0530 [DEBUG] [org.gradle.process.internal.health.memory.DefaultMemoryManager] 827710259 physical memory requested, 0 released, 624144384 free
2025-11-29T13:03:42.018+0530 [DEBUG] [org.gradle.process.internal.health.memory.DefaultMemoryManager] 827710259 physical memory requested, 572334080 free
2025-11-29T13:03:42.018+0530 [DEBUG] [org.gradle.workers.internal.WorkerDaemonExpiration] Will attempt to release 789 of memory
2025-11-29T13:03:42.018+0530 [DEBUG] [org.gradle.process.internal.health.memory.DefaultMemoryManager] 827710259 physical memory requested, 0 released, 572334080 free
2025-11-29T13:03:46.717+0530 [DEBUG] [org.gradle.cache.internal.DefaultFileLockManager] Waiting to acquire shared lock on daemon addresses registry.
2025-11-29T13:03:46.723+0530 [DEBUG] [org.gradle.cache.internal.DefaultFileLockManager] Lock acquired on daemon addresses registry.
2025-11-29T13:03:46.753+0530 [DEBUG] [org.gradle.cache.internal.DefaultFileLockManager] Releasing lock on daemon addresses registry.
2025-11-29T13:03:46.757+0530 [DEBUG] [org.gradle.cache.internal.DefaultFileLockManager] Waiting to acquire shared lock on daemon addresses registry.
2025-11-29T13:03:46.758+0530 [DEBUG] [org.gradle.cache.internal.DefaultFileLockManager] Lock acquired on daemon addresses registry.
2025-11-29T13:03:46.759+0530 [DEBUG] [org.gradle.cache.internal.DefaultFileLockManager] Releasing lock on daemon addresses registry.
2025-11-29T13:03:46.761+0530 [DEBUG] [org.gradle.cache.internal.DefaultFileLockManager] Waiting to acquire shared lock on daemon addresses registry.
2025-11-29T13:03:46.761+0530 [DEBUG] [org.gradle.cache.internal.DefaultFileLockManager] Lock acquired on daemon addresses registry.
2025-11-29T13:03:46.762+0530 [DEBUG] [org.gradle.cache.internal.DefaultFileLockManager] Releasing lock on daemon addresses registry.
2025-11-29T13:03:46.762+0530 [DEBUG] [org.gradle.launcher.daemon.server.health.LowMemoryDaemonExpirationStrategy] Nearing low physical memory threshold - OS memory {AvailableMemory[physical, total=8277102592, free=572334080], AvailableMemory[virtual, total=30087483392, free=18283544576]}
2025-11-29T13:03:46.763+0530 [DEBUG] [org.gradle.cache.internal.DefaultFileLockManager] Waiting to acquire shared lock on daemon addresses registry.
2025-11-29T13:03:46.763+0530 [DEBUG] [org.gradle.cache.internal.DefaultFileLockManager] Lock acquired on daemon addresses registry.
2025-11-29T13:03:46.763+0530 [DEBUG] [org.gradle.cache.internal.DefaultFileLockManager] Releasing lock on daemon addresses registry.
2025-11-29T13:03:46.764+0530 [DEBUG] [org.gradle.launcher.daemon.server.DaemonRegistryUpdater] Storing daemon stop event: other compatible daemons were started and after being idle for 0 minutes and not recently used
2025-11-29T13:03:46.767+0530 [DEBUG] [org.gradle.launcher.daemon.registry.PersistentDaemonRegistry] Storing daemon stop event with timestamp 1764401626764
2025-11-29T13:03:46.769+0530 [DEBUG] [org.gradle.cache.internal.DefaultFileLockManager] Waiting to acquire exclusive lock on daemon addresses registry.
2025-11-29T13:03:46.770+0530 [DEBUG] [org.gradle.cache.internal.DefaultFileLockManager] Lock acquired on daemon addresses registry.
2025-11-29T13:03:46.773+0530 [DEBUG] [org.gradle.cache.internal.DefaultFileLockManager] Releasing lock on daemon addresses registry.
2025-11-29T13:03:46.774+0530 [LIFECYCLE] [org.gradle.launcher.daemon.server.DaemonStateCoordinator] Daemon will be stopped at the end of the build other compatible daemons were started and after being idle for 0 minutes and not recently used
2025-11-29T13:03:46.774+0530 [DEBUG] [org.gradle.launcher.daemon.server.DaemonStateCoordinator] Marking daemon stopped due to other compatible daemons were started and after being idle for 0 minutes and not recently used. The daemon is not running a build
2025-11-29T13:03:46.774+0530 [DEBUG] [org.gradle.launcher.daemon.server.DaemonStateCoordinator] daemon has stopped.
2025-11-29T13:03:46.775+0530 [DEBUG] [org.gradle.launcher.daemon.server.Daemon] stop() called on daemon
2025-11-29T13:03:46.776+0530 [INFO] [org.gradle.launcher.daemon.server.Daemon] Stop requested. Daemon is removing its presence from the registry...
2025-11-29T13:03:46.776+0530 [DEBUG] [org.gradle.launcher.daemon.server.DaemonRegistryUpdater] Removing our presence to clients, eg. removing this address from the registry: [fe0b7bd9-4854-468e-b6a2-3b5ada62b365 port:53874, addresses:[localhost/127.0.0.1]]
2025-11-29T13:03:46.776+0530 [DEBUG] [org.gradle.launcher.daemon.registry.PersistentDaemonRegistry] Removing daemon address: [fe0b7bd9-4854-468e-b6a2-3b5ada62b365 port:53874, addresses:[localhost/127.0.0.1]]
2025-11-29T13:03:46.913+0530 [DEBUG] [org.gradle.cache.internal.DefaultFileLockManager] Waiting to acquire exclusive lock on daemon addresses registry.
2025-11-29T13:03:46.914+0530 [DEBUG] [org.gradle.cache.internal.DefaultFileLockManager] Lock acquired on daemon addresses registry.
2025-11-29T13:03:46.953+0530 [DEBUG] [org.gradle.cache.internal.DefaultFileLockManager] Releasing lock on daemon addresses registry.
2025-11-29T13:03:46.970+0530 [DEBUG] [org.gradle.launcher.daemon.server.DaemonRegistryUpdater] Address removed from registry.
2025-11-29T13:03:47.047+0530 [DEBUG] [org.gradle.process.internal.health.memory.DefaultMemoryManager] 827710259 physical memory requested, 704483328 free
2025-11-29T13:03:47.048+0530 [DEBUG] [org.gradle.process.internal.health.memory.DefaultMemoryManager] 827710259 physical memory requested, 0 released, 704483328 free
2025-11-29T13:03:47.075+0530 [DEBUG] [org.gradle.cache.internal.DefaultCacheCleanupExecutor] jars (D:\flutter\project\caches\jars-9) has last been fully cleaned up 13 hours ago
2025-11-29T13:03:47.138+0530 [DEBUG] [org.gradle.cache.internal.DefaultCacheCleanupExecutor] Skipping cleanup for jars (D:\flutter\project\caches\jars-9) as it is not yet due
2025-11-29T13:03:47.156+0530 [DEBUG] [org.gradle.cache.internal.DefaultCacheCoordinator] Cache file content cache (D:\flutter\project\caches\8.14\fileContent) was closed 2 times.
2025-11-29T13:03:47.157+0530 [DEBUG] [org.gradle.internal.watch.vfs.impl.WatchingVirtualFileSystem] Closing VFS, dropping state
2025-11-29T13:03:47.159+0530 [DEBUG] [org.gradle.internal.watch.registry.impl.DefaultFileWatcherRegistry] Finished listening to file system change events
2025-11-29T13:03:47.159+0530 [DEBUG] [org.gradle.cache.internal.DefaultCacheCoordinator] Cache Generated Gradle JARs cache (D:\flutter\project\caches\8.14\generated-gradle-jars) was closed 2 times.
2025-11-29T13:03:47.160+0530 [DEBUG] [org.gradle.cache.internal.DefaultCacheCleanupExecutor] artifact cache (D:\flutter\project\caches\modules-2) has last been fully cleaned up 13 hours ago
2025-11-29T13:03:47.160+0530 [DEBUG] [org.gradle.cache.internal.DefaultCacheCleanupExecutor] Skipping cleanup for artifact cache (D:\flutter\project\caches\modules-2) as it is not yet due
2025-11-29T13:03:47.160+0530 [DEBUG] [org.gradle.cache.internal.DefaultCacheCoordinator] Cache artifact cache (D:\flutter\project\caches\modules-2) was closed 12 times.
2025-11-29T13:03:47.161+0530 [DEBUG] [org.gradle.cache.internal.DefaultCacheCleanupExecutor] groovy-dsl (D:\flutter\project\caches\8.14\groovy-dsl) has last been fully cleaned up 13 hours ago
2025-11-29T13:03:47.166+0530 [DEBUG] [org.gradle.cache.internal.DefaultCacheCleanupExecutor] Skipping cleanup for groovy-dsl (D:\flutter\project\caches\8.14\groovy-dsl) as it is not yet due
2025-11-29T13:03:47.166+0530 [DEBUG] [org.gradle.cache.internal.DefaultCacheCoordinator] Cache groovy-dsl (D:\flutter\project\caches\8.14\groovy-dsl) was closed 0 times.
2025-11-29T13:03:47.168+0530 [DEBUG] [org.gradle.cache.internal.DefaultCacheCleanupExecutor] kotlin-dsl (D:\flutter\project\caches\8.14\kotlin-dsl) has last been fully cleaned up 13 hours ago
2025-11-29T13:03:47.169+0530 [DEBUG] [org.gradle.cache.internal.DefaultCacheCleanupExecutor] Skipping cleanup for kotlin-dsl (D:\flutter\project\caches\8.14\kotlin-dsl) as it is not yet due
2025-11-29T13:03:47.169+0530 [DEBUG] [org.gradle.cache.internal.DefaultCacheCoordinator] Cache kotlin-dsl (D:\flutter\project\caches\8.14\kotlin-dsl) was closed 0 times.
2025-11-29T13:03:47.170+0530 [DEBUG] [org.gradle.cache.internal.DefaultCacheCleanupExecutor] Artifact transforms cache (D:\flutter\project\caches\8.14\transforms) has last been fully cleaned up 13 hours ago
2025-11-29T13:03:47.170+0530 [DEBUG] [org.gradle.cache.internal.DefaultCacheCleanupExecutor] Skipping cleanup for Artifact transforms cache (D:\flutter\project\caches\8.14\transforms) as it is not yet due
2025-11-29T13:03:47.170+0530 [DEBUG] [org.gradle.cache.internal.DefaultCacheCoordinator] Cache Artifact transforms cache (D:\flutter\project\caches\8.14\transforms) was closed 0 times.
2025-11-29T13:03:47.171+0530 [DEBUG] [org.gradle.cache.internal.DefaultCacheCoordinator] Cache journal cache (D:\flutter\project\caches\journal-1) was closed 8 times.
2025-11-29T13:03:47.174+0530 [DEBUG] [org.gradle.cache.internal.DefaultCacheCoordinator] Cache file hash cache (D:\flutter\project\caches\8.14\fileHashes) was closed 9 times.
2025-11-29T13:03:47.179+0530 [DEBUG] [org.gradle.internal.operations.DefaultBuildOperationRunner] Build operation 'Deleting unused version-specific caches in D:\flutter\project\caches' started
2025-11-29T13:03:47.181+0530 [DEBUG] [org.gradle.internal.operations.DefaultBuildOperationRunner] Completing Build operation 'Deleting unused version-specific caches in D:\flutter\project\caches'
2025-11-29T13:03:47.181+0530 [DEBUG] [org.gradle.internal.operations.DefaultBuildOperationRunner] Build operation 'Deleting unused version-specific caches in D:\flutter\project\caches' completed
2025-11-29T13:03:47.183+0530 [DEBUG] [org.gradle.launcher.daemon.server.Daemon] stop() called on daemon
2025-11-29T13:03:47.183+0530 [INFO] [org.gradle.launcher.daemon.server.Daemon] Stop requested. Daemon is removing its presence from the registry...
2025-11-29T13:03:47.183+0530 [DEBUG] [org.gradle.launcher.daemon.server.DaemonRegistryUpdater] Removing our presence to clients, eg. removing this address from the registry: [fe0b7bd9-4854-468e-b6a2-3b5ada62b365 port:53874, addresses:[localhost/127.0.0.1]]
2025-11-29T13:03:47.184+0530 [DEBUG] [org.gradle.launcher.daemon.registry.PersistentDaemonRegistry] Removing daemon address: [fe0b7bd9-4854-468e-b6a2-3b5ada62b365 port:53874, addresses:[localhost/127.0.0.1]]
2025-11-29T13:03:47.252+0530 [DEBUG] [org.gradle.cache.internal.DefaultFileLockManager] Waiting to acquire exclusive lock on daemon addresses registry.
2025-11-29T13:03:47.270+0530 [DEBUG] [org.gradle.cache.internal.DefaultFileLockManager] Lock acquired on daemon addresses registry.
2025-11-29T13:03:47.387+0530 [DEBUG] [org.gradle.cache.internal.DefaultFileLockManager] Releasing lock on daemon addresses registry.
2025-11-29T13:03:47.388+0530 [DEBUG] [org.gradle.launcher.daemon.server.DaemonRegistryUpdater] Address removed from registry.
2025-11-29T13:03:47.393+0530 [DEBUG] [org.gradle.cache.internal.locklistener.DefaultFileLockContentionHandler] File lock listener thread completed.
2025-11-29T13:03:47.424+0530 [DEBUG] [org.gradle.launcher.daemon.registry.PersistentDaemonRegistry] Removing daemon address: [fe0b7bd9-4854-468e-b6a2-3b5ada62b365 port:53874, addresses:[localhost/127.0.0.1]]
2025-11-29T13:03:47.425+0530 [DEBUG] [org.gradle.launcher.daemon.server.Daemon] VM shutdown hook was unable to remove the daemon address from the registry. It will be cleaned up later.
java.lang.IllegalStateException: Cannot start managing file contention because this handler has been closed.
	at org.gradle.cache.internal.locklistener.DefaultFileLockContentionHandler.assertNotStopped(DefaultFileLockContentionHandler.java:248)
	at org.gradle.cache.internal.locklistener.DefaultFileLockContentionHandler.reservePort(DefaultFileLockContentionHandler.java:286)
	at org.gradle.cache.internal.DefaultFileLockManager.lock(DefaultFileLockManager.java:124)
	at org.gradle.cache.internal.DefaultFileLockManager.lock(DefaultFileLockManager.java:106)
	at org.gradle.cache.internal.DefaultFileLockManager.lock(DefaultFileLockManager.java:101)
	at org.gradle.cache.internal.OnDemandFileAccess.updateFile(OnDemandFileAccess.java:51)
	at org.gradle.cache.internal.FileBackedObjectHolder.update(FileBackedObjectHolder.java:77)
	at org.gradle.cache.internal.FileIntegrityViolationSuppressingObjectHolderDecorator.lambda$update$0(FileIntegrityViolationSuppressingObjectHolderDecorator.java:48)
	at org.gradle.cache.internal.FileIntegrityViolationSuppressingObjectHolderDecorator.doUpdate(FileIntegrityViolationSuppressingObjectHolderDecorator.java:58)
	at org.gradle.cache.internal.FileIntegrityViolationSuppressingObjectHolderDecorator.update(FileIntegrityViolationSuppressingObjectHolderDecorator.java:48)
	at org.gradle.launcher.daemon.registry.PersistentDaemonRegistry.remove(PersistentDaemonRegistry.java:133)
	at org.gradle.launcher.daemon.server.Daemon$1.run(Daemon.java:133)
	at java.base/java.lang.Thread.run(Thread.java:840)
Daemon vm is shutting down... The daemon has exited normally or was terminated in response to a user interrupt.
